Getting All Anime Names from Database
DONE
Deleting EpisodeList of One Piece
Scraping Wikipedia for episode list of One Piece
DONE
Deleting EpisodeList of Attack on Titan
Scraping Wikipedia for episode list of Attack on Titan
DONE
Deleting EpisodeList of Dragonball Super
Scraping Wikipedia for episode list of Dragonball Super
DONE
Getting All Anime Names from Database
DONE
Deleting EpisodeList of One Piece
Scraping Wikipedia for episode list of One Piece
DONE
Deleting EpisodeList of Attack on Titan
Scraping Wikipedia for episode list of Attack on Titan
DONE
Deleting EpisodeList of Dragonball Super
Scraping Wikipedia for episode list of Dragonball Super
DONE
Getting All Anime Names from Database
Getting All Anime Names from Database
Getting All Anime Names from Database
DONE
Deleting EpisodeList of One Piece
Scraping Wikipedia for episode list of One Piece
DONE
Deleting EpisodeList of Attack on Titan
Scraping Wikipedia for episode list of Attack on Titan
DONE
Deleting EpisodeList of Dragonball Super
Scraping Wikipedia for episode list of Dragonball Super
DONE
Getting All Anime Names from Database
